-------------------------------------------------------------------------------
Test set: org.example.ReverseStringTest
-------------------------------------------------------------------------------
Tests run: 1, Failures: 1, Errors: 0, Skipped: 0, Time elapsed: 0.071 s <<< FAILURE! - in org.example.ReverseStringTest
testReverseString  Time elapsed: 0.057 s  <<< FAILURE!
org.opentest4j.AssertionFailedError: not a correct output ==> expected: <olleh> but was: <oleh>
	at org.example.ReverseStringTest.testReverseString(ReverseStringTest.java:13)

